2020-11-01 11:14:37,080        DEBUG decos.py 2020-11-01 11:14:37.076987 Была вызвана функция arg_parser c параметрами (), {}. Вызов из модуля __main__. Вызов из функции main().
2020-11-01 11:14:41,272        DEBUG client.py Сформировано presence сообщение для пользователя test
2020-11-01 11:14:41,274        DEBUG decos.py 2020-11-01 11:14:41.273487 Была вызвана функция create_client_data c параметрами (), {}. Вызов из модуля __main__. Вызов из функции main().
2020-11-01 11:16:10,551        CRITICAL client.py Не удалось подключиться к серверу 127.0.0.1:8888, конечный компьютер отверг запрос на подключение.
2020-11-01 11:21:58,823        DEBUG decos.py 2020-11-01 11:21:58.820488 Была вызвана функция arg_parser c параметрами (), {}. Вызов из модуля __main__. Вызов из функции main().
2020-11-01 11:22:02,135        DEBUG client.py Сформировано presence сообщение для пользователя test
2020-11-01 11:22:02,137        DEBUG decos.py 2020-11-01 11:22:02.136560 Была вызвана функция create_client_data c параметрами (), {}. Вызов из модуля __main__. Вызов из функции main().
2020-11-01 11:23:20,133        CRITICAL client.py Не удалось подключиться к серверу 127.0.0.1:8888, конечный компьютер отверг запрос на подключение.
2020-11-01 11:23:31,469        DEBUG decos.py 2020-11-01 11:23:31.465702 Была вызвана функция arg_parser c параметрами (), {}. Вызов из модуля __main__. Вызов из функции main().
2020-11-01 11:23:35,189        DEBUG client.py Сформировано presence сообщение для пользователя test
2020-11-01 11:23:35,190        DEBUG decos.py 2020-11-01 11:23:35.189873 Была вызвана функция create_client_data c параметрами (), {}. Вызов из модуля __main__. Вызов из функции main().
2020-11-01 11:23:43,651        CRITICAL client.py Не удалось подключиться к серверу 127.0.0.1:8888, конечный компьютер отверг запрос на подключение.
2020-11-04 17:36:29,625        DEBUG decos.py 2020-11-04 17:36:29.603720 Была вызвана функция arg_parser c параметрами (), {}. Вызов из модуля __main__. Вызов из функции main().
2020-11-04 17:36:36,660        DEBUG client.py Сформировано presence сообщение для пользователя pavel
2020-11-04 17:36:36,662        DEBUG decos.py 2020-11-04 17:36:36.661671 Была вызвана функция create_client_data c параметрами (), {}. Вызов из модуля __main__. Вызов из функции main().
2020-11-04 17:38:03,585        DEBUG decos.py 2020-11-04 17:38:03.569208 Была вызвана функция arg_parser c параметрами (), {}. Вызов из модуля __main__. Вызов из функции main().
2020-11-04 17:38:35,263        DEBUG client.py Сформировано presence сообщение для пользователя test
2020-11-04 17:38:35,272        DEBUG decos.py 2020-11-04 17:38:35.265866 Была вызвана функция create_client_data c параметрами (), {}. Вызов из модуля __main__. Вызов из функции main().
2020-11-04 17:40:15,456        DEBUG decos.py 2020-11-04 17:40:15.436225 Была вызвана функция arg_parser c параметрами (), {}. Вызов из модуля __main__. Вызов из функции main().
2020-11-04 17:40:21,998        DEBUG client.py Сформировано presence сообщение для пользователя t
2020-11-04 17:40:22,008        DEBUG decos.py 2020-11-04 17:40:22.001198 Была вызвана функция create_client_data c параметрами (), {}. Вызов из модуля __main__. Вызов из функции main().
2020-11-04 17:40:35,090        DEBUG decos.py 2020-11-04 17:40:35.073674 Была вызвана функция arg_parser c параметрами (), {}. Вызов из модуля __main__. Вызов из функции main().
2020-11-04 17:44:25,685        DEBUG decos.py 2020-11-04 17:44:25.673730 Была вызвана функция arg_parser c параметрами (), {}. Вызов из модуля __main__. Вызов из функции main().
2020-11-04 17:44:31,828        DEBUG client.py Сформировано presence сообщение для пользователя tttt
2020-11-04 17:44:31,838        DEBUG decos.py 2020-11-04 17:44:31.832337 Была вызвана функция create_client_data c параметрами (), {}. Вызов из модуля __main__. Вызов из функции main().
2020-11-04 18:00:24,275        DEBUG decos.py 2020-11-04 18:00:24.271873 Была вызвана функция arg_parser c параметрами (), {}. Вызов из модуля __main__. Вызов из функции main().
2020-11-04 18:00:29,005        DEBUG client.py Сформировано presence сообщение для пользователя test
2020-11-04 18:00:29,007        DEBUG decos.py 2020-11-04 18:00:29.006620 Была вызвана функция create_client_data c параметрами (), {}. Вызов из модуля __main__. Вызов из функции main().
2020-11-05 09:30:27,284        DEBUG decos.py 2020-11-05 09:30:27.282042 Была вызвана функция arg_parser c параметрами (), {}. Вызов из модуля __main__. Вызов из функции main().
2020-11-05 09:30:32,302        DEBUG client.py Сформировано presence сообщение для пользователя test
2020-11-05 09:30:32,304        DEBUG decos.py 2020-11-05 09:30:32.303678 Была вызвана функция create_client_data c параметрами (), {}. Вызов из модуля __main__. Вызов из функции main().
2020-11-05 10:00:10,546        DEBUG decos.py 2020-11-05 10:00:10.541918 Была вызвана функция arg_parser c параметрами (), {}. Вызов из модуля __main__. Вызов из функции main().
2020-11-05 10:00:14,021        DEBUG client.py Сформировано presence сообщение для пользователя test
2020-11-05 10:00:14,023        DEBUG decos.py 2020-11-05 10:00:14.022048 Была вызвана функция create_client_data c параметрами (), {}. Вызов из модуля __main__. Вызов из функции main().
2020-11-05 10:02:42,879        DEBUG decos.py 2020-11-05 10:02:42.877392 Была вызвана функция arg_parser c параметрами (), {}. Вызов из модуля __main__. Вызов из функции main().
2020-11-05 10:02:46,007        DEBUG client.py Сформировано presence сообщение для пользователя t
2020-11-05 10:02:46,010        DEBUG decos.py 2020-11-05 10:02:46.008877 Была вызвана функция create_client_data c параметрами (), {}. Вызов из модуля __main__. Вызов из функции main().
2020-11-05 10:02:54,893        CRITICAL client.py Не удалось подключиться к серверу 127.0.0.1:8888, конечный компьютер отверг запрос на подключение.
2020-11-05 10:07:10,201        DEBUG decos.py 2020-11-05 10:07:10.197184 Была вызвана функция arg_parser c параметрами (), {}. Вызов из модуля __main__. Вызов из функции main().
2020-11-05 10:07:12,754        DEBUG client.py Сформировано presence сообщение для пользователя Guest
2020-11-05 10:07:12,756        DEBUG decos.py 2020-11-05 10:07:12.755298 Была вызвана функция create_client_data c параметрами (), {}. Вызов из модуля __main__. Вызов из функции main().
2020-11-05 10:08:59,257        CRITICAL client.py Не удалось подключиться к серверу 127.0.0.1:8888, конечный компьютер отверг запрос на подключение.
2020-11-05 10:27:40,218        DEBUG decos.py 2020-11-05 10:27:40.215010 Была вызвана функция arg_parser c параметрами (), {}. Вызов из модуля __main__. Вызов из функции main().
2020-11-05 10:27:42,631        DEBUG client.py Сформировано presence сообщение для пользователя Guest
2020-11-05 10:27:42,633        DEBUG decos.py 2020-11-05 10:27:42.632470 Была вызвана функция create_client_data c параметрами (), {}. Вызов из модуля __main__. Вызов из функции main().
2020-11-05 10:43:58,545        DEBUG decos.py 2020-11-05 10:43:58.542551 Была вызвана функция arg_parser c параметрами (), {}. Вызов из модуля __main__. Вызов из функции main().
2020-11-05 10:44:03,181        DEBUG client.py Сформировано presence сообщение для пользователя Guest
2020-11-05 10:44:03,183        DEBUG decos.py 2020-11-05 10:44:03.182706 Была вызвана функция create_client_data c параметрами (), {}. Вызов из модуля __main__. Вызов из функции main().
2020-11-05 10:45:51,084        CRITICAL client.py Не удалось подключиться к серверу 127.0.0.1:8888, конечный компьютер отверг запрос на подключение.
2020-11-05 10:46:06,155        DEBUG decos.py 2020-11-05 10:46:06.151847 Была вызвана функция arg_parser c параметрами (), {}. Вызов из модуля __main__. Вызов из функции main().
2020-11-05 10:46:08,338        DEBUG client.py Сформировано presence сообщение для пользователя Guest
2020-11-05 10:46:08,340        DEBUG decos.py 2020-11-05 10:46:08.339266 Была вызвана функция create_client_data c параметрами (), {}. Вызов из модуля __main__. Вызов из функции main().
2020-11-05 10:47:07,546        CRITICAL client.py Не удалось подключиться к серверу 127.0.0.1:8888, конечный компьютер отверг запрос на подключение.
2020-11-05 10:47:17,657        DEBUG decos.py 2020-11-05 10:47:17.647459 Была вызвана функция arg_parser c параметрами (), {}. Вызов из модуля __main__. Вызов из функции main().
2020-11-05 10:47:17,661        CRITICAL client.py Не удалось подключиться к серверу 127.0.0.1:8888, конечный компьютер отверг запрос на подключение.
2020-11-05 10:50:57,267        DEBUG decos.py 2020-11-05 10:50:57.256472 Была вызвана функция arg_parser c параметрами (), {}. Вызов из модуля __main__. Вызов из функции main().
2020-11-05 10:51:02,959        DEBUG client.py Сформировано presence сообщение для пользователя Guest
2020-11-05 10:51:02,969        DEBUG decos.py 2020-11-05 10:51:02.964597 Была вызвана функция create_client_data c параметрами (), {}. Вызов из модуля __main__. Вызов из функции main().
2020-11-05 10:52:23,783        CRITICAL client.py Не удалось подключиться к серверу 127.0.0.1:8888, конечный компьютер отверг запрос на подключение.
2020-11-05 10:52:44,480        DEBUG decos.py 2020-11-05 10:52:44.478391 Была вызвана функция arg_parser c параметрами (), {}. Вызов из модуля __main__. Вызов из функции main().
2020-11-05 10:52:50,014        DEBUG client.py Сформировано presence сообщение для пользователя Guest
2020-11-05 10:52:50,016        DEBUG decos.py 2020-11-05 10:52:50.015607 Была вызвана функция create_client_data c параметрами (), {}. Вызов из модуля __main__. Вызов из функции main().
2020-11-05 10:53:02,234        DEBUG decos.py 2020-11-05 10:53:02.215647 Была вызвана функция arg_parser c параметрами (), {}. Вызов из модуля __main__. Вызов из функции main().
2020-11-05 10:53:05,037        DEBUG client.py Сформировано presence сообщение для пользователя Guest
2020-11-05 10:53:05,043        DEBUG decos.py 2020-11-05 10:53:05.040387 Была вызвана функция create_client_data c параметрами (), {}. Вызов из модуля __main__. Вызов из функции main().
2020-11-05 11:02:32,919        DEBUG decos.py 2020-11-05 11:02:32.901197 Была вызвана функция arg_parser c параметрами (), {}. Вызов из модуля __main__. Вызов из функции main().
2020-11-05 11:02:37,716        DEBUG client.py Сформировано presence сообщение для пользователя Guest
2020-11-05 11:02:37,729        DEBUG decos.py 2020-11-05 11:02:37.719873 Была вызвана функция create_client_data c параметрами (), {}. Вызов из модуля __main__. Вызов из функции main().
2020-11-05 11:02:55,213        DEBUG decos.py 2020-11-05 11:02:55.202926 Была вызвана функция arg_parser c параметрами (), {}. Вызов из модуля __main__. Вызов из функции main().
2020-11-05 11:02:57,183        DEBUG client.py Сформировано presence сообщение для пользователя Guest
2020-11-05 11:02:57,195        DEBUG decos.py 2020-11-05 11:02:57.187485 Была вызвана функция create_client_data c параметрами (), {}. Вызов из модуля __main__. Вызов из функции main().
2020-11-05 11:04:15,674        DEBUG decos.py 2020-11-05 11:04:15.672287 Была вызвана функция arg_parser c параметрами (), {}. Вызов из модуля __main__. Вызов из функции main().
2020-11-05 11:04:17,795        DEBUG client.py Сформировано presence сообщение для пользователя Guest
2020-11-05 11:04:17,797        DEBUG decos.py 2020-11-05 11:04:17.796445 Была вызвана функция create_client_data c параметрами (), {}. Вызов из модуля __main__. Вызов из функции main().
2020-11-05 11:06:15,135        DEBUG decos.py 2020-11-05 11:06:15.132621 Была вызвана функция arg_parser c параметрами (), {}. Вызов из модуля __main__. Вызов из функции main().
2020-11-05 11:06:17,672        DEBUG client.py Сформировано presence сообщение для пользователя Guest
2020-11-05 11:06:17,673        DEBUG decos.py 2020-11-05 11:06:17.672915 Была вызвана функция create_client_data c параметрами (), {}. Вызов из модуля __main__. Вызов из функции main().
2020-11-05 11:12:46,195        CRITICAL client.py Не удалось подключиться к серверу 127.0.0.1:8888, конечный компьютер отверг запрос на подключение.
